\BOOKMARK [0][-]{chapter.1}{\376\377\000I\000n\000t\000r\000o\000d\000u\000c\000t\000i\000o\000n}{}% 1
\BOOKMARK [1][-]{section.1.1}{\376\377\000S\000t\000a\000t\000e\000-\000o\000f\000-\000A\000r\000t}{chapter.1}% 2
\BOOKMARK [1][-]{section.1.2}{\376\377\000H\000o\000w\000\040\000t\000o\000\040\000u\000s\000e}{chapter.1}% 3
\BOOKMARK [1][-]{section.1.3}{\376\377\000A\000c\000k\000n\000o\000w\000l\000e\000d\000g\000e\000m\000e\000n\000t}{chapter.1}% 4
\BOOKMARK [0][-]{chapter.2}{\376\377\000F\000i\000l\000e\000\040\000I\000n\000d\000e\000x}{}% 5
\BOOKMARK [1][-]{section.2.1}{\376\377\000F\000i\000l\000e\000\040\000L\000i\000s\000t}{chapter.2}% 6
\BOOKMARK [0][-]{chapter.3}{\376\377\000T\000h\000e\000o\000r\000i\000c\000a\000l\000\040\000A\000s\000p\000e\000c\000t\000s}{}% 7
\BOOKMARK [1][-]{section.3.1}{\376\377\000P\000r\000a\000n\000g\000e\000'\000s\000\040\000a\000l\000g\000o\000r\000i\000t\000h\000m}{chapter.3}% 8
\BOOKMARK [1][-]{section.3.2}{\376\377\000S\000t\000e\000r\000n\000'\000s\000\040\000a\000l\000g\000o\000r\000i\000t\000h\000m}{chapter.3}% 9
\BOOKMARK [1][-]{section.3.3}{\376\377\000D\000u\000m\000e\000r\000'\000s\000\040\000a\000l\000g\000o\000r\000i\000t\000h\000m}{chapter.3}% 10
\BOOKMARK [1][-]{section.3.4}{\376\377\000M\000M\000T\000\040\000A\000l\000g\000o\000r\000i\000t\000h\000m}{chapter.3}% 11
\BOOKMARK [1][-]{section.3.5}{\376\377\000B\000J\000M\000M\000\040\000A\000l\000g\000o\000r\000i\000t\000h\000m}{chapter.3}% 12
\BOOKMARK [1][-]{section.3.6}{\376\377\000N\000N\000\040\000A\000l\000g\000o\000r\000i\000t\000h\000m}{chapter.3}% 13
\BOOKMARK [1][-]{section.3.7}{\376\377\000W\000h\000e\000n\000\040\000t\000h\000e\000r\000e\000\040\000a\000r\000e\000\040\000m\000o\000r\000e\000\040\000t\000h\000a\000n\000\040\000o\000n\000e\000\040\000s\000o\000l\000u\000t\000i\000o\000n}{chapter.3}% 14
\BOOKMARK [1][-]{section.3.8}{\376\377\000I\000m\000p\000l\000e\000m\000e\000n\000t\000a\000t\000i\000o\000n\000\040\000o\000f\000\040\000f\000o\000r\000m\000u\000l\000a\000s}{chapter.3}% 15
\BOOKMARK [0][-]{chapter.4}{\376\377\000D\000a\000t\000a\000\040\000S\000t\000r\000u\000c\000t\000u\000r\000e\000\040\000D\000o\000c\000u\000m\000e\000n\000t\000a\000t\000i\000o\000n}{}% 16
\BOOKMARK [1][-]{section.4.1}{\376\377\000w\000f\000\137\000p\000a\000r\000a\000m\000s\000\040\000S\000t\000r\000u\000c\000t\000\040\000R\000e\000f\000e\000r\000e\000n\000c\000e}{chapter.4}% 17
\BOOKMARK [2][-]{subsection.4.1.1}{\376\377\000D\000e\000t\000a\000i\000l\000e\000d\000\040\000D\000e\000s\000c\000r\000i\000p\000t\000i\000o\000n}{section.4.1}% 18
\BOOKMARK [2][-]{subsection.4.1.2}{\376\377\000F\000i\000e\000l\000d\000\040\000D\000o\000c\000u\000m\000e\000n\000t\000a\000t\000i\000o\000n}{section.4.1}% 19
\BOOKMARK [0][-]{chapter.5}{\376\377\000F\000i\000l\000e\000\040\000D\000o\000c\000u\000m\000e\000n\000t\000a\000t\000i\000o\000n}{}% 20
\BOOKMARK [1][-]{section.5.1}{\376\377\000e\000x\000a\000m\000p\000l\000e\000s\000/\000b\000e\000h\000a\000v\000i\000o\000u\000r\000.\000c}{chapter.5}% 21
\BOOKMARK [2][-]{subsection.5.1.1}{\376\377\000D\000e\000t\000a\000i\000l\000e\000d\000\040\000D\000e\000s\000c\000r\000i\000p\000t\000i\000o\000n}{section.5.1}% 22
\BOOKMARK [2][-]{subsection.5.1.2}{\376\377\000F\000u\000n\000c\000t\000i\000o\000n\000\040\000D\000o\000c\000u\000m\000e\000n\000t\000a\000t\000i\000o\000n}{section.5.1}% 23
\BOOKMARK [3][-]{subsubsection.5.1.2.1}{\376\377\000m\000a\000i\000n}{subsection.5.1.2}% 24
\BOOKMARK [3][-]{subsubsection.5.1.2.2}{\376\377\000u\000s\000a\000g\000e}{subsection.5.1.2}% 25
\BOOKMARK [2][-]{subsection.5.1.3}{\376\377\000V\000a\000r\000i\000a\000b\000l\000e\000\040\000D\000o\000c\000u\000m\000e\000n\000t\000a\000t\000i\000o\000n}{section.5.1}% 26
\BOOKMARK [3][-]{subsubsection.5.1.3.1}{\376\377\000a\000l\000g\000o}{subsection.5.1.3}% 27
\BOOKMARK [3][-]{subsubsection.5.1.3.2}{\376\377\000s\000t\000r\000e\000a\000m\000o\000u\000t}{subsection.5.1.3}% 28
\BOOKMARK [3][-]{subsubsection.5.1.3.3}{\376\377\000w\000f\000\137\000a\000l\000g\000o}{subsection.5.1.3}% 29
\BOOKMARK [3][-]{subsubsection.5.1.3.4}{\376\377\000w\000f\000p}{subsection.5.1.3}% 30
\BOOKMARK [1][-]{section.5.2}{\376\377\000e\000x\000a\000m\000p\000l\000e\000s\000/\000b\000o\000u\000n\000d\000.\000c}{chapter.5}% 31
\BOOKMARK [2][-]{subsection.5.2.1}{\376\377\000D\000e\000t\000a\000i\000l\000e\000d\000\040\000D\000e\000s\000c\000r\000i\000p\000t\000i\000o\000n}{section.5.2}% 32
\BOOKMARK [2][-]{subsection.5.2.2}{\376\377\000F\000u\000n\000c\000t\000i\000o\000n\000\040\000D\000o\000c\000u\000m\000e\000n\000t\000a\000t\000i\000o\000n}{section.5.2}% 33
\BOOKMARK [3][-]{subsubsection.5.2.2.1}{\376\377\000m\000a\000i\000n}{subsection.5.2.2}% 34
\BOOKMARK [3][-]{subsubsection.5.2.2.2}{\376\377\000u\000s\000a\000g\000e}{subsection.5.2.2}% 35
\BOOKMARK [2][-]{subsection.5.2.3}{\376\377\000V\000a\000r\000i\000a\000b\000l\000e\000\040\000D\000o\000c\000u\000m\000e\000n\000t\000a\000t\000i\000o\000n}{section.5.2}% 36
\BOOKMARK [3][-]{subsubsection.5.2.3.1}{\376\377\000s\000t\000r\000e\000a\000m\000o\000u\000t}{subsection.5.2.3}% 37
\BOOKMARK [3][-]{subsubsection.5.2.3.2}{\376\377\000w\000f\000\137\000a\000l\000g\000o}{subsection.5.2.3}% 38
\BOOKMARK [3][-]{subsubsection.5.2.3.3}{\376\377\000w\000f\000p}{subsection.5.2.3}% 39
\BOOKMARK [1][-]{section.5.3}{\376\377\000i\000n\000c\000l\000u\000d\000e\000/\000b\000o\000u\000n\000d\000\137\000f\000u\000n\000c\000t\000i\000o\000n\000.\000h\000\040\000F\000i\000l\000e\000\040\000R\000e\000f\000e\000r\000e\000n\000c\000e}{chapter.5}% 40
\BOOKMARK [2][-]{subsection.5.3.1}{\376\377\000D\000e\000t\000a\000i\000l\000e\000d\000\040\000D\000e\000s\000c\000r\000i\000p\000t\000i\000o\000n}{section.5.3}% 41
\BOOKMARK [2][-]{subsection.5.3.2}{\376\377\000D\000e\000f\000i\000n\000e\000\040\000D\000o\000c\000u\000m\000e\000n\000t\000a\000t\000i\000o\000n}{section.5.3}% 42
\BOOKMARK [3][-]{subsubsection.5.3.2.1}{\376\377\000B\000O\000U\000N\000D\000\137\000F\000U\000N\000T\000I\000O\000N\000\137\000H}{subsection.5.3.2}% 43
\BOOKMARK [2][-]{subsection.5.3.3}{\376\377\000F\000u\000n\000c\000t\000i\000o\000n\000\040\000D\000o\000c\000u\000m\000e\000n\000t\000a\000t\000i\000o\000n}{section.5.3}% 44
\BOOKMARK [3][-]{subsubsection.5.3.3.1}{\376\377\000p\000p}{subsection.5.3.3}% 45
\BOOKMARK [3][-]{subsubsection.5.3.3.2}{\376\377\000d\000i\000f\000\137\000p\000p}{subsection.5.3.3}% 46
\BOOKMARK [3][-]{subsubsection.5.3.3.3}{\376\377\000p\000p\000\137\000d\000f}{subsection.5.3.3}% 47
\BOOKMARK [3][-]{subsubsection.5.3.3.4}{\376\377\000r\000e\000d\000u\000c\000e\000d\000\137\000B\000a}{subsection.5.3.3}% 48
\BOOKMARK [3][-]{subsubsection.5.3.3.5}{\376\377\000r\000e\000d\000u\000c\000e\000d\000\137\000B\000a\000\137\000d\000f}{subsection.5.3.3}% 49
\BOOKMARK [3][-]{subsubsection.5.3.3.6}{\376\377\000l\000\137\000m\000a\000x}{subsection.5.3.3}% 50
\BOOKMARK [3][-]{subsubsection.5.3.3.7}{\376\377\000O\000p\000t\000i\000m\000a\000l\000\137\000r\000e\000d\000u\000c\000e\000d\000\137\000B\000a}{subsection.5.3.3}% 51
\BOOKMARK [3][-]{subsubsection.5.3.3.8}{\376\377\000d\000i\000f\000\137\000O\000p\000t\000i\000m\000a\000l\000\137\000r\000e\000d\000u\000c\000e\000d\000\137\000B\000a}{subsection.5.3.3}% 52
\BOOKMARK [3][-]{subsubsection.5.3.3.9}{\376\377\000f\000i\000n\000d\000\137\000c\000o\000e\000f\000f\000i\000c\000i\000e\000n\000t}{subsection.5.3.3}% 53
\BOOKMARK [1][-]{section.5.4}{\376\377\000i\000n\000c\000l\000u\000d\000e\000/\000e\000n\000t\000r\000o\000p\000y\000\137\000t\000o\000o\000l\000s\000.\000h\000\040\000F\000i\000l\000e\000\040\000R\000e\000f\000e\000r\000e\000n\000c\000e}{chapter.5}% 54
\BOOKMARK [2][-]{subsection.5.4.1}{\376\377\000D\000e\000t\000a\000i\000l\000e\000d\000\040\000D\000e\000s\000c\000r\000i\000p\000t\000i\000o\000n}{section.5.4}% 55
\BOOKMARK [2][-]{subsection.5.4.2}{\376\377\000F\000u\000n\000c\000t\000i\000o\000n\000\040\000D\000o\000c\000u\000m\000e\000n\000t\000a\000t\000i\000o\000n}{section.5.4}% 56
\BOOKMARK [3][-]{subsubsection.5.4.2.1}{\376\377\000m\000i\000n}{subsection.5.4.2}% 57
\BOOKMARK [3][-]{subsubsection.5.4.2.2}{\376\377\000m\000a\000x}{subsection.5.4.2}% 58
\BOOKMARK [3][-]{subsubsection.5.4.2.3}{\376\377\000e\000n\000t\000r\000o\000p\000y}{subsection.5.4.2}% 59
\BOOKMARK [3][-]{subsubsection.5.4.2.4}{\376\377\000d\000i\000f\000\137\000e\000n\000t\000r\000o\000p\000y}{subsection.5.4.2}% 60
\BOOKMARK [3][-]{subsubsection.5.4.2.5}{\376\377\000b\000i\000n\000o\000m\000i\000a\000l}{subsection.5.4.2}% 61
\BOOKMARK [3][-]{subsubsection.5.4.2.6}{\376\377\000e\000n\000t\000r\000o\000p\000y\000\137\000d\000f}{subsection.5.4.2}% 62
\BOOKMARK [3][-]{subsubsection.5.4.2.7}{\376\377\000e\000n\000t\000r\000o\000p\000y\000\137\000f\000d\000f}{subsection.5.4.2}% 63
\BOOKMARK [3][-]{subsubsection.5.4.2.8}{\376\377\000e\000n\000t\000r\000o\000p\000y\000\137\000i\000n\000v\000e\000r\000s\000e}{subsection.5.4.2}% 64
\BOOKMARK [1][-]{section.5.5}{\376\377\000i\000n\000c\000l\000u\000d\000e\000/\000w\000f\000\137\000b\000j\000m\000m\000.\000h\000\040\000F\000i\000l\000e\000\040\000R\000e\000f\000e\000r\000e\000n\000c\000e}{chapter.5}% 65
\BOOKMARK [2][-]{subsection.5.5.1}{\376\377\000D\000e\000t\000a\000i\000l\000e\000d\000\040\000D\000e\000s\000c\000r\000i\000p\000t\000i\000o\000n}{section.5.5}% 66
\BOOKMARK [2][-]{subsection.5.5.2}{\376\377\000F\000u\000n\000c\000t\000i\000o\000n\000\040\000D\000o\000c\000u\000m\000e\000n\000t\000a\000t\000i\000o\000n}{section.5.5}% 67
\BOOKMARK [3][-]{subsubsection.5.5.2.1}{\376\377\000w\000f\000\137\000B\000J\000M\000M}{subsection.5.5.2}% 68
\BOOKMARK [3][-]{subsubsection.5.5.2.2}{\376\377\000O\000p\000t\000i\000m\000a\000l\000\137\000w\000f\000\137\000B\000J\000M\000M\000\137\000p\0001\0002}{subsection.5.5.2}% 69
\BOOKMARK [3][-]{subsubsection.5.5.2.3}{\376\377\000O\000p\000t\000i\000m\000a\000l\000\137\000w\000f\000\137\000B\000J\000M\000M}{subsection.5.5.2}% 70
\BOOKMARK [1][-]{section.5.6}{\376\377\000i\000n\000c\000l\000u\000d\000e\000/\000w\000f\000\137\000d\000u\000m\000e\000r\000.\000h\000\040\000F\000i\000l\000e\000\040\000R\000e\000f\000e\000r\000e\000n\000c\000e}{chapter.5}% 71
\BOOKMARK [2][-]{subsection.5.6.1}{\376\377\000D\000e\000t\000a\000i\000l\000e\000d\000\040\000D\000e\000s\000c\000r\000i\000p\000t\000i\000o\000n}{section.5.6}% 72
\BOOKMARK [2][-]{subsection.5.6.2}{\376\377\000F\000u\000n\000c\000t\000i\000o\000n\000\040\000D\000o\000c\000u\000m\000e\000n\000t\000a\000t\000i\000o\000n}{section.5.6}% 73
\BOOKMARK [3][-]{subsubsection.5.6.2.1}{\376\377\000w\000f\000\137\000D\000u\000m\000e\000r}{subsection.5.6.2}% 74
\BOOKMARK [3][-]{subsubsection.5.6.2.2}{\376\377\000O\000p\000t\000i\000m\000a\000l\000\137\000w\000f\000\137\000D\000u\000m\000e\000r}{subsection.5.6.2}% 75
\BOOKMARK [1][-]{section.5.7}{\376\377\000i\000n\000c\000l\000u\000d\000e\000/\000w\000f\000\137\000m\000m\000t\000.\000h\000\040\000F\000i\000l\000e\000\040\000R\000e\000f\000e\000r\000e\000n\000c\000e}{chapter.5}% 76
\BOOKMARK [2][-]{subsection.5.7.1}{\376\377\000D\000e\000t\000a\000i\000l\000e\000d\000\040\000D\000e\000s\000c\000r\000i\000p\000t\000i\000o\000n}{section.5.7}% 77
\BOOKMARK [2][-]{subsection.5.7.2}{\376\377\000F\000u\000n\000c\000t\000i\000o\000n\000\040\000D\000o\000c\000u\000m\000e\000n\000t\000a\000t\000i\000o\000n}{section.5.7}% 78
\BOOKMARK [3][-]{subsubsection.5.7.2.1}{\376\377\000w\000f\000\137\000M\000M\000T}{subsection.5.7.2}% 79
\BOOKMARK [3][-]{subsubsection.5.7.2.2}{\376\377\000O\000p\000t\000i\000m\000a\000l\000\137\000w\000f\000\137\000M\000M\000T}{subsection.5.7.2}% 80
\BOOKMARK [1][-]{section.5.8}{\376\377\000i\000n\000c\000l\000u\000d\000e\000/\000w\000f\000\137\000n\000n\000.\000h\000\040\000F\000i\000l\000e\000\040\000R\000e\000f\000e\000r\000e\000n\000c\000e}{chapter.5}% 81
\BOOKMARK [2][-]{subsection.5.8.1}{\376\377\000D\000e\000p\000e\000n\000d\000e\000n\000c\000i\000e\000s}{section.5.8}% 82
\BOOKMARK [2][-]{subsection.5.8.2}{\376\377\000D\000e\000t\000a\000i\000l\000e\000d\000\040\000D\000e\000s\000c\000r\000i\000p\000t\000i\000o\000n}{section.5.8}% 83
\BOOKMARK [2][-]{subsection.5.8.3}{\376\377\000F\000u\000n\000c\000t\000i\000o\000n\000\040\000D\000o\000c\000u\000m\000e\000n\000t\000a\000t\000i\000o\000n}{section.5.8}% 84
\BOOKMARK [3][-]{subsubsection.5.8.3.1}{\376\377\000w\000f\000\137\000N\000N}{subsection.5.8.3}% 85
\BOOKMARK [3][-]{subsubsection.5.8.3.2}{\376\377\000O\000p\000t\000i\000m\000a\000l\000\137\000w\000f\000\137\000N\000N\000\137\000p}{subsection.5.8.3}% 86
\BOOKMARK [3][-]{subsubsection.5.8.3.3}{\376\377\000O\000p\000t\000i\000m\000a\000l\000\137\000w\000f\000\137\000N\000N}{subsection.5.8.3}% 87
\BOOKMARK [1][-]{section.5.9}{\376\377\000i\000n\000c\000l\000u\000d\000e\000/\000w\000f\000\137\000p\000r\000a\000n\000g\000e\000.\000h\000\040\000F\000i\000l\000e\000\040\000R\000e\000f\000e\000r\000e\000n\000c\000e}{chapter.5}% 88
\BOOKMARK [2][-]{subsection.5.9.1}{\376\377\000D\000e\000t\000a\000i\000l\000e\000d\000\040\000D\000e\000s\000c\000r\000i\000p\000t\000i\000o\000n}{section.5.9}% 89
\BOOKMARK [2][-]{subsection.5.9.2}{\376\377\000F\000u\000n\000c\000t\000i\000o\000n\000\040\000D\000o\000c\000u\000m\000e\000n\000t\000a\000t\000i\000o\000n}{section.5.9}% 90
\BOOKMARK [3][-]{subsubsection.5.9.2.1}{\376\377\000w\000f\000\137\000P\000r\000a\000n\000g\000e}{subsection.5.9.2}% 91
\BOOKMARK [1][-]{section.5.10}{\376\377\000i\000n\000c\000l\000u\000d\000e\000/\000w\000f\000\137\000s\000t\000e\000r\000n\000.\000h\000\040\000F\000i\000l\000e\000\040\000R\000e\000f\000e\000r\000e\000n\000c\000e}{chapter.5}% 92
\BOOKMARK [2][-]{subsection.5.10.1}{\376\377\000D\000e\000t\000a\000i\000l\000e\000d\000\040\000D\000e\000s\000c\000r\000i\000p\000t\000i\000o\000n}{section.5.10}% 93
\BOOKMARK [2][-]{subsection.5.10.2}{\376\377\000F\000u\000n\000c\000t\000i\000o\000n\000\040\000D\000o\000c\000u\000m\000e\000n\000t\000a\000t\000i\000o\000n}{section.5.10}% 94
\BOOKMARK [3][-]{subsubsection.5.10.2.1}{\376\377\000w\000f\000\137\000S\000t\000e\000r\000n}{subsection.5.10.2}% 95
\BOOKMARK [3][-]{subsubsection.5.10.2.2}{\376\377\000O\000p\000t\000i\000m\000a\000l\000\137\000w\000f\000\137\000S\000t\000e\000r\000n}{subsection.5.10.2}% 96
\BOOKMARK [1][-]{section.5.11}{\376\377\000s\000r\000c\000/\000b\000o\000u\000n\000d\000\137\000f\000u\000n\000c\000t\000i\000o\000n\000.\000c\000\040\000F\000i\000l\000e\000\040\000R\000e\000f\000e\000r\000e\000n\000c\000e}{chapter.5}% 97
\BOOKMARK [2][-]{subsection.5.11.1}{\376\377\000D\000e\000t\000a\000i\000l\000e\000d\000\040\000D\000e\000s\000c\000r\000i\000p\000t\000i\000o\000n}{section.5.11}% 98
\BOOKMARK [2][-]{subsection.5.11.2}{\376\377\000F\000u\000n\000c\000t\000i\000o\000n\000\040\000D\000o\000c\000u\000m\000e\000n\000t\000a\000t\000i\000o\000n}{section.5.11}% 99
\BOOKMARK [3][-]{subsubsection.5.11.2.1}{\376\377\000p\000p}{subsection.5.11.2}% 100
\BOOKMARK [3][-]{subsubsection.5.11.2.2}{\376\377\000d\000i\000f\000\137\000p\000p}{subsection.5.11.2}% 101
\BOOKMARK [3][-]{subsubsection.5.11.2.3}{\376\377\000p\000p\000\137\000d\000f}{subsection.5.11.2}% 102
\BOOKMARK [3][-]{subsubsection.5.11.2.4}{\376\377\000r\000e\000d\000u\000c\000e\000d\000\137\000B\000a}{subsection.5.11.2}% 103
\BOOKMARK [3][-]{subsubsection.5.11.2.5}{\376\377\000r\000e\000d\000u\000c\000e\000d\000\137\000B\000a\000\137\000d\000f}{subsection.5.11.2}% 104
\BOOKMARK [3][-]{subsubsection.5.11.2.6}{\376\377\000l\000\137\000m\000a\000x}{subsection.5.11.2}% 105
\BOOKMARK [3][-]{subsubsection.5.11.2.7}{\376\377\000O\000p\000t\000i\000m\000a\000l\000\137\000r\000e\000d\000u\000c\000e\000d\000\137\000B\000a}{subsection.5.11.2}% 106
\BOOKMARK [3][-]{subsubsection.5.11.2.8}{\376\377\000d\000i\000f\000\137\000O\000p\000t\000i\000m\000a\000l\000\137\000r\000e\000d\000u\000c\000e\000d\000\137\000B\000a}{subsection.5.11.2}% 107
\BOOKMARK [3][-]{subsubsection.5.11.2.9}{\376\377\000f\000i\000n\000d\000\137\000c\000o\000e\000f\000f\000i\000c\000i\000e\000n\000t}{subsection.5.11.2}% 108
\BOOKMARK [1][-]{section.5.12}{\376\377\000s\000r\000c\000/\000c\000a\000w\000o\000f\000.\000c\000\040\000F\000i\000l\000e\000\040\000R\000e\000f\000e\000r\000e\000n\000c\000e}{chapter.5}% 109
\BOOKMARK [2][-]{subsection.5.12.1}{\376\377\000D\000e\000t\000a\000i\000l\000e\000d\000\040\000D\000e\000s\000c\000r\000i\000p\000t\000i\000o\000n}{section.5.12}% 110
\BOOKMARK [2][-]{subsection.5.12.2}{\376\377\000F\000u\000n\000c\000t\000i\000o\000n\000\040\000D\000o\000c\000u\000m\000e\000n\000t\000a\000t\000i\000o\000n}{section.5.12}% 111
\BOOKMARK [3][-]{subsubsection.5.12.2.1}{\376\377\000v\000e\000r\000s\000i\000o\000n}{subsection.5.12.2}% 112
\BOOKMARK [3][-]{subsubsection.5.12.2.2}{\376\377\000u\000s\000a\000g\000e}{subsection.5.12.2}% 113
\BOOKMARK [3][-]{subsubsection.5.12.2.3}{\376\377\000m\000a\000i\000n}{subsection.5.12.2}% 114
\BOOKMARK [2][-]{subsection.5.12.3}{\376\377\000V\000a\000r\000i\000a\000b\000l\000e\000\040\000D\000o\000c\000u\000m\000e\000n\000t\000a\000t\000i\000o\000n}{section.5.12}% 115
\BOOKMARK [3][-]{subsubsection.5.12.3.1}{\376\377\000v\000e\000r\000b\000o\000s\000e}{subsection.5.12.3}% 116
\BOOKMARK [3][-]{subsubsection.5.12.3.2}{\376\377\000q\000u\000i\000e\000t}{subsection.5.12.3}% 117
\BOOKMARK [3][-]{subsubsection.5.12.3.3}{\376\377\000f\000o\000r\000m\000a\000t}{subsection.5.12.3}% 118
\BOOKMARK [3][-]{subsubsection.5.12.3.4}{\376\377\000w\000f\000p}{subsection.5.12.3}% 119
\BOOKMARK [3][-]{subsubsection.5.12.3.5}{\376\377\000a\000l\000g\000o}{subsection.5.12.3}% 120
\BOOKMARK [3][-]{subsubsection.5.12.3.6}{\376\377\000w\000f\000\137\000a\000l\000g\000o}{subsection.5.12.3}% 121
\BOOKMARK [1][-]{section.5.13}{\376\377\000s\000r\000c\000/\000c\000a\000w\000o\000f\000.\000h\000\040\000F\000i\000l\000e\000\040\000R\000e\000f\000e\000r\000e\000n\000c\000e}{chapter.5}% 122
\BOOKMARK [2][-]{subsection.5.13.1}{\376\377\000D\000e\000t\000a\000i\000l\000e\000d\000\040\000D\000e\000s\000c\000r\000i\000p\000t\000i\000o\000n}{section.5.13}% 123
\BOOKMARK [2][-]{subsection.5.13.2}{\376\377\000D\000e\000f\000i\000n\000e\000\040\000D\000o\000c\000u\000m\000e\000n\000t\000a\000t\000i\000o\000n}{section.5.13}% 124
\BOOKMARK [3][-]{subsubsection.5.13.2.1}{\376\377\000P\000R\000O\000G\000\137\000N\000A\000M\000E}{subsection.5.13.2}% 125
\BOOKMARK [3][-]{subsubsection.5.13.2.2}{\376\377\000P\000R\000O\000G\000\137\000V\000E\000R\000S\000I\000O\000N}{subsection.5.13.2}% 126
\BOOKMARK [3][-]{subsubsection.5.13.2.3}{\376\377\000P\000R\000O\000G\000\137\000S\000U\000B\000V\000E\000R\000S\000I\000O\000N}{subsection.5.13.2}% 127
\BOOKMARK [3][-]{subsubsection.5.13.2.4}{\376\377\000P\000R\000O\000G\000\137\000R\000E\000V\000I\000S\000I\000O\000N}{subsection.5.13.2}% 128
\BOOKMARK [1][-]{section.5.14}{\376\377\000s\000r\000c\000/\000e\000n\000t\000r\000o\000p\000y\000\137\000t\000o\000o\000l\000s\000.\000c\000\040\000F\000i\000l\000e\000\040\000R\000e\000f\000e\000r\000e\000n\000c\000e}{chapter.5}% 129
\BOOKMARK [2][-]{subsection.5.14.1}{\376\377\000D\000e\000t\000a\000i\000l\000e\000d\000\040\000D\000e\000s\000c\000r\000i\000p\000t\000i\000o\000n}{section.5.14}% 130
\BOOKMARK [2][-]{subsection.5.14.2}{\376\377\000F\000u\000n\000c\000t\000i\000o\000n\000\040\000D\000o\000c\000u\000m\000e\000n\000t\000a\000t\000i\000o\000n}{section.5.14}% 131
\BOOKMARK [3][-]{subsubsection.5.14.2.1}{\376\377\000m\000a\000x}{subsection.5.14.2}% 132
\BOOKMARK [3][-]{subsubsection.5.14.2.2}{\376\377\000m\000i\000n}{subsection.5.14.2}% 133
\BOOKMARK [3][-]{subsubsection.5.14.2.3}{\376\377\000e\000n\000t\000r\000o\000p\000y}{subsection.5.14.2}% 134
\BOOKMARK [3][-]{subsubsection.5.14.2.4}{\376\377\000b\000i\000n\000o\000m\000i\000a\000l}{subsection.5.14.2}% 135
\BOOKMARK [3][-]{subsubsection.5.14.2.5}{\376\377\000d\000i\000f\000\137\000e\000n\000t\000r\000o\000p\000y}{subsection.5.14.2}% 136
\BOOKMARK [3][-]{subsubsection.5.14.2.6}{\376\377\000e\000n\000t\000r\000o\000p\000y\000\137\000d\000f}{subsection.5.14.2}% 137
\BOOKMARK [3][-]{subsubsection.5.14.2.7}{\376\377\000e\000n\000t\000r\000o\000p\000y\000\137\000f\000d\000f}{subsection.5.14.2}% 138
\BOOKMARK [3][-]{subsubsection.5.14.2.8}{\376\377\000e\000n\000t\000r\000o\000p\000y\000\137\000i\000n\000v\000e\000r\000s\000e}{subsection.5.14.2}% 139
\BOOKMARK [1][-]{section.5.15}{\376\377\000s\000r\000c\000/\000w\000f\000\137\000b\000j\000m\000m\000.\000c\000\040\000F\000i\000l\000e\000\040\000R\000e\000f\000e\000r\000e\000n\000c\000e}{chapter.5}% 140
\BOOKMARK [2][-]{subsection.5.15.1}{\376\377\000D\000e\000t\000a\000i\000l\000e\000d\000\040\000D\000e\000s\000c\000r\000i\000p\000t\000i\000o\000n}{section.5.15}% 141
\BOOKMARK [2][-]{subsection.5.15.2}{\376\377\000F\000u\000n\000c\000t\000i\000o\000n\000\040\000D\000o\000c\000u\000m\000e\000n\000t\000a\000t\000i\000o\000n}{section.5.15}% 142
\BOOKMARK [3][-]{subsubsection.5.15.2.1}{\376\377\000w\000f\000\137\000B\000J\000M\000M}{subsection.5.15.2}% 143
\BOOKMARK [3][-]{subsubsection.5.15.2.2}{\376\377\000O\000p\000t\000i\000m\000a\000l\000\137\000w\000f\000\137\000B\000J\000M\000M\000\137\000p\0001\0002}{subsection.5.15.2}% 144
\BOOKMARK [3][-]{subsubsection.5.15.2.3}{\376\377\000O\000p\000t\000i\000m\000a\000l\000\137\000w\000f\000\137\000B\000J\000M\000M}{subsection.5.15.2}% 145
\BOOKMARK [1][-]{section.5.16}{\376\377\000s\000r\000c\000/\000w\000f\000\137\000d\000u\000m\000e\000r\000.\000c\000\040\000F\000i\000l\000e\000\040\000R\000e\000f\000e\000r\000e\000n\000c\000e}{chapter.5}% 146
\BOOKMARK [2][-]{subsection.5.16.1}{\376\377\000D\000e\000t\000a\000i\000l\000e\000d\000\040\000D\000e\000s\000c\000r\000i\000p\000t\000i\000o\000n}{section.5.16}% 147
\BOOKMARK [2][-]{subsection.5.16.2}{\376\377\000F\000u\000n\000c\000t\000i\000o\000n\000\040\000D\000o\000c\000u\000m\000e\000n\000t\000a\000t\000i\000o\000n}{section.5.16}% 148
\BOOKMARK [3][-]{subsubsection.5.16.2.1}{\376\377\000w\000f\000\137\000D\000u\000m\000e\000r}{subsection.5.16.2}% 149
\BOOKMARK [3][-]{subsubsection.5.16.2.2}{\376\377\000O\000p\000t\000i\000m\000a\000l\000\137\000w\000f\000\137\000D\000u\000m\000e\000r}{subsection.5.16.2}% 150
\BOOKMARK [1][-]{section.5.17}{\376\377\000s\000r\000c\000/\000w\000f\000\137\000m\000m\000t\000.\000c\000\040\000F\000i\000l\000e\000\040\000R\000e\000f\000e\000r\000e\000n\000c\000e}{chapter.5}% 151
\BOOKMARK [2][-]{subsection.5.17.1}{\376\377\000D\000e\000t\000a\000i\000l\000e\000d\000\040\000D\000e\000s\000c\000r\000i\000p\000t\000i\000o\000n}{section.5.17}% 152
\BOOKMARK [2][-]{subsection.5.17.2}{\376\377\000F\000u\000n\000c\000t\000i\000o\000n\000\040\000D\000o\000c\000u\000m\000e\000n\000t\000a\000t\000i\000o\000n}{section.5.17}% 153
\BOOKMARK [3][-]{subsubsection.5.17.2.1}{\376\377\000w\000f\000\137\000M\000M\000T}{subsection.5.17.2}% 154
\BOOKMARK [3][-]{subsubsection.5.17.2.2}{\376\377\000O\000p\000t\000i\000m\000a\000l\000\137\000w\000f\000\137\000M\000M\000T}{subsection.5.17.2}% 155
\BOOKMARK [1][-]{section.5.18}{\376\377\000s\000r\000c\000/\000w\000f\000\137\000n\000n\000.\000c\000\040\000F\000i\000l\000e\000\040\000R\000e\000f\000e\000r\000e\000n\000c\000e}{chapter.5}% 156
\BOOKMARK [2][-]{subsection.5.18.1}{\376\377\000D\000e\000t\000a\000i\000l\000e\000d\000\040\000D\000e\000s\000c\000r\000i\000p\000t\000i\000o\000n}{section.5.18}% 157
\BOOKMARK [2][-]{subsection.5.18.2}{\376\377\000F\000u\000n\000c\000t\000i\000o\000n\000\040\000D\000o\000c\000u\000m\000e\000n\000t\000a\000t\000i\000o\000n}{section.5.18}% 158
\BOOKMARK [3][-]{subsubsection.5.18.2.1}{\376\377\000w\000f\000\137\000N\000N}{subsection.5.18.2}% 159
\BOOKMARK [3][-]{subsubsection.5.18.2.2}{\376\377\000O\000p\000t\000i\000m\000a\000l\000\137\000w\000f\000\137\000N\000N\000\137\000p}{subsection.5.18.2}% 160
\BOOKMARK [3][-]{subsubsection.5.18.2.3}{\376\377\000O\000p\000t\000i\000m\000a\000l\000\137\000w\000f\000\137\000N\000N}{subsection.5.18.2}% 161
\BOOKMARK [1][-]{section.5.19}{\376\377\000s\000r\000c\000/\000w\000f\000\137\000p\000r\000a\000n\000g\000e\000.\000c\000\040\000F\000i\000l\000e\000\040\000R\000e\000f\000e\000r\000e\000n\000c\000e}{chapter.5}% 162
\BOOKMARK [2][-]{subsection.5.19.1}{\376\377\000D\000e\000t\000a\000i\000l\000e\000d\000\040\000D\000e\000s\000c\000r\000i\000p\000t\000i\000o\000n}{section.5.19}% 163
\BOOKMARK [2][-]{subsection.5.19.2}{\376\377\000F\000u\000n\000c\000t\000i\000o\000n\000\040\000D\000o\000c\000u\000m\000e\000n\000t\000a\000t\000i\000o\000n}{section.5.19}% 164
\BOOKMARK [3][-]{subsubsection.5.19.2.1}{\376\377\000w\000f\000\137\000P\000r\000a\000n\000g\000e}{subsection.5.19.2}% 165
\BOOKMARK [1][-]{section.5.20}{\376\377\000s\000r\000c\000/\000w\000f\000\137\000s\000t\000e\000r\000n\000.\000c\000\040\000F\000i\000l\000e\000\040\000R\000e\000f\000e\000r\000e\000n\000c\000e}{chapter.5}% 166
\BOOKMARK [2][-]{subsection.5.20.1}{\376\377\000D\000e\000t\000a\000i\000l\000e\000d\000\040\000D\000e\000s\000c\000r\000i\000p\000t\000i\000o\000n}{section.5.20}% 167
\BOOKMARK [2][-]{subsection.5.20.2}{\376\377\000F\000u\000n\000c\000t\000i\000o\000n\000\040\000D\000o\000c\000u\000m\000e\000n\000t\000a\000t\000i\000o\000n}{section.5.20}% 168
\BOOKMARK [3][-]{subsubsection.5.20.2.1}{\376\377\000w\000f\000\137\000S\000t\000e\000r\000n}{subsection.5.20.2}% 169
\BOOKMARK [3][-]{subsubsection.5.20.2.2}{\376\377\000O\000p\000t\000i\000m\000a\000l\000\137\000w\000f\000\137\000S\000t\000e\000r\000n}{subsection.5.20.2}% 170
